<?xml version="1.0" encoding="UTF-8"?>
<testsuite xmlns:xsi="http://www.w3.org/2001/XMLSchema-instance" xsi:noNamespaceSchemaLocation="https://maven.apache.org/surefire/maven-surefire-plugin/xsd/surefire-test-report-3.0.xsd" version="3.0" name="com.example.crud.RestAPITests" time="2.668" tests="1" errors="0" skipped="0" failures="0">
  <properties>
    <property name="java.specification.version" value="23"/>
    <property name="sun.jnu.encoding" value="UTF-8"/>
    <property name="java.class.path" value="/Users/utkarshmani/Desktop/GitHub/SpringBoot-Application/target/test-classes:/Users/utkarshmani/Desktop/GitHub/SpringBoot-Application/target/classes:/Users/utkarshmani/.m2/repository/org/springframework/boot/spring-boot-starter-web/3.2.11/spring-boot-starter-web-3.2.11.jar:/Users/utkarshmani/.m2/repository/org/springframework/boot/spring-boot-starter/3.2.11/spring-boot-starter-3.2.11.jar:/Users/utkarshmani/.m2/repository/org/springframework/boot/spring-boot-starter-logging/3.2.11/spring-boot-starter-logging-3.2.11.jar:/Users/utkarshmani/.m2/repository/ch/qos/logback/logback-classic/1.4.14/logback-classic-1.4.14.jar:/Users/utkarshmani/.m2/repository/ch/qos/logback/logback-core/1.4.14/logback-core-1.4.14.jar:/Users/utkarshmani/.m2/repository/org/apache/logging/log4j/log4j-to-slf4j/2.21.1/log4j-to-slf4j-2.21.1.jar:/Users/utkarshmani/.m2/repository/org/apache/logging/log4j/log4j-api/2.21.1/log4j-api-2.21.1.jar:/Users/utkarshmani/.m2/repository/org/slf4j/jul-to-slf4j/2.0.16/jul-to-slf4j-2.0.16.jar:/Users/utkarshmani/.m2/repository/jakarta/annotation/jakarta.annotation-api/2.1.1/jakarta.annotation-api-2.1.1.jar:/Users/utkarshmani/.m2/repository/org/yaml/snakeyaml/2.2/snakeyaml-2.2.jar:/Users/utkarshmani/.m2/repository/org/springframework/boot/spring-boot-starter-json/3.2.11/spring-boot-starter-json-3.2.11.jar:/Users/utkarshmani/.m2/repository/com/fasterxml/jackson/core/jackson-databind/2.15.4/jackson-databind-2.15.4.jar:/Users/utkarshmani/.m2/repository/com/fasterxml/jackson/core/jackson-annotations/2.15.4/jackson-annotations-2.15.4.jar:/Users/utkarshmani/.m2/repository/com/fasterxml/jackson/core/jackson-core/2.15.4/jackson-core-2.15.4.jar:/Users/utkarshmani/.m2/repository/com/fasterxml/jackson/datatype/jackson-datatype-jdk8/2.15.4/jackson-datatype-jdk8-2.15.4.jar:/Users/utkarshmani/.m2/repository/com/fasterxml/jackson/datatype/jackson-datatype-jsr310/2.15.4/jackson-datatype-jsr310-2.15.4.jar:/Users/utkarshmani/.m2/repository/com/fasterxml/jackson/module/jackson-module-parameter-names/2.15.4/jackson-module-parameter-names-2.15.4.jar:/Users/utkarshmani/.m2/repository/org/springframework/boot/spring-boot-starter-tomcat/3.2.11/spring-boot-starter-tomcat-3.2.11.jar:/Users/utkarshmani/.m2/repository/org/apache/tomcat/embed/tomcat-embed-core/10.1.31/tomcat-embed-core-10.1.31.jar:/Users/utkarshmani/.m2/repository/org/apache/tomcat/embed/tomcat-embed-el/10.1.31/tomcat-embed-el-10.1.31.jar:/Users/utkarshmani/.m2/repository/org/apache/tomcat/embed/tomcat-embed-websocket/10.1.31/tomcat-embed-websocket-10.1.31.jar:/Users/utkarshmani/.m2/repository/org/springframework/spring-web/6.1.14/spring-web-6.1.14.jar:/Users/utkarshmani/.m2/repository/org/springframework/spring-beans/6.1.14/spring-beans-6.1.14.jar:/Users/utkarshmani/.m2/repository/io/micrometer/micrometer-observation/1.12.11/micrometer-observation-1.12.11.jar:/Users/utkarshmani/.m2/repository/io/micrometer/micrometer-commons/1.12.11/micrometer-commons-1.12.11.jar:/Users/utkarshmani/.m2/repository/org/springframework/spring-webmvc/6.1.14/spring-webmvc-6.1.14.jar:/Users/utkarshmani/.m2/repository/org/springframework/spring-context/6.1.14/spring-context-6.1.14.jar:/Users/utkarshmani/.m2/repository/org/springframework/spring-expression/6.1.14/spring-expression-6.1.14.jar:/Users/utkarshmani/.m2/repository/org/springframework/boot/spring-boot-starter-data-mongodb/3.2.11/spring-boot-starter-data-mongodb-3.2.11.jar:/Users/utkarshmani/.m2/repository/org/mongodb/mongodb-driver-sync/4.11.4/mongodb-driver-sync-4.11.4.jar:/Users/utkarshmani/.m2/repository/org/mongodb/bson/4.11.4/bson-4.11.4.jar:/Users/utkarshmani/.m2/repository/org/mongodb/mongodb-driver-core/4.11.4/mongodb-driver-core-4.11.4.jar:/Users/utkarshmani/.m2/repository/org/mongodb/bson-record-codec/4.11.4/bson-record-codec-4.11.4.jar:/Users/utkarshmani/.m2/repository/org/springframework/data/spring-data-mongodb/4.2.11/spring-data-mongodb-4.2.11.jar:/Users/utkarshmani/.m2/repository/org/springframework/spring-tx/6.1.14/spring-tx-6.1.14.jar:/Users/utkarshmani/.m2/repository/org/springframework/data/spring-data-commons/3.2.11/spring-data-commons-3.2.11.jar:/Users/utkarshmani/.m2/repository/org/slf4j/slf4j-api/2.0.16/slf4j-api-2.0.16.jar:/Users/utkarshmani/.m2/repository/org/springframework/boot/spring-boot-starter-test/3.2.11/spring-boot-starter-test-3.2.11.jar:/Users/utkarshmani/.m2/repository/org/springframework/boot/spring-boot-test/3.2.11/spring-boot-test-3.2.11.jar:/Users/utkarshmani/.m2/repository/org/springframework/boot/spring-boot-test-autoconfigure/3.2.11/spring-boot-test-autoconfigure-3.2.11.jar:/Users/utkarshmani/.m2/repository/com/jayway/jsonpath/json-path/2.9.0/json-path-2.9.0.jar:/Users/utkarshmani/.m2/repository/jakarta/xml/bind/jakarta.xml.bind-api/4.0.2/jakarta.xml.bind-api-4.0.2.jar:/Users/utkarshmani/.m2/repository/jakarta/activation/jakarta.activation-api/2.1.3/jakarta.activation-api-2.1.3.jar:/Users/utkarshmani/.m2/repository/net/minidev/json-smart/2.5.1/json-smart-2.5.1.jar:/Users/utkarshmani/.m2/repository/net/minidev/accessors-smart/2.5.1/accessors-smart-2.5.1.jar:/Users/utkarshmani/.m2/repository/org/ow2/asm/asm/9.6/asm-9.6.jar:/Users/utkarshmani/.m2/repository/org/assertj/assertj-core/3.24.2/assertj-core-3.24.2.jar:/Users/utkarshmani/.m2/repository/net/bytebuddy/byte-buddy/1.14.19/byte-buddy-1.14.19.jar:/Users/utkarshmani/.m2/repository/org/awaitility/awaitility/4.2.2/awaitility-4.2.2.jar:/Users/utkarshmani/.m2/repository/org/hamcrest/hamcrest/2.2/hamcrest-2.2.jar:/Users/utkarshmani/.m2/repository/org/junit/jupiter/junit-jupiter/5.10.5/junit-jupiter-5.10.5.jar:/Users/utkarshmani/.m2/repository/org/junit/jupiter/junit-jupiter-api/5.10.5/junit-jupiter-api-5.10.5.jar:/Users/utkarshmani/.m2/repository/org/opentest4j/opentest4j/1.3.0/opentest4j-1.3.0.jar:/Users/utkarshmani/.m2/repository/org/junit/platform/junit-platform-commons/1.10.5/junit-platform-commons-1.10.5.jar:/Users/utkarshmani/.m2/repository/org/apiguardian/apiguardian-api/1.1.2/apiguardian-api-1.1.2.jar:/Users/utkarshmani/.m2/repository/org/junit/jupiter/junit-jupiter-params/5.10.5/junit-jupiter-params-5.10.5.jar:/Users/utkarshmani/.m2/repository/org/junit/jupiter/junit-jupiter-engine/5.10.5/junit-jupiter-engine-5.10.5.jar:/Users/utkarshmani/.m2/repository/org/junit/platform/junit-platform-engine/1.10.5/junit-platform-engine-1.10.5.jar:/Users/utkarshmani/.m2/repository/org/mockito/mockito-core/5.7.0/mockito-core-5.7.0.jar:/Users/utkarshmani/.m2/repository/net/bytebuddy/byte-buddy-agent/1.14.19/byte-buddy-agent-1.14.19.jar:/Users/utkarshmani/.m2/repository/org/objenesis/objenesis/3.3/objenesis-3.3.jar:/Users/utkarshmani/.m2/repository/org/mockito/mockito-junit-jupiter/5.7.0/mockito-junit-jupiter-5.7.0.jar:/Users/utkarshmani/.m2/repository/org/skyscreamer/jsonassert/1.5.3/jsonassert-1.5.3.jar:/Users/utkarshmani/.m2/repository/com/vaadin/external/google/android-json/0.0.20131108.vaadin1/android-json-0.0.20131108.vaadin1.jar:/Users/utkarshmani/.m2/repository/org/springframework/spring-core/6.1.14/spring-core-6.1.14.jar:/Users/utkarshmani/.m2/repository/org/springframework/spring-jcl/6.1.14/spring-jcl-6.1.14.jar:/Users/utkarshmani/.m2/repository/org/springframework/spring-test/6.1.14/spring-test-6.1.14.jar:/Users/utkarshmani/.m2/repository/org/xmlunit/xmlunit-core/2.9.1/xmlunit-core-2.9.1.jar:/Users/utkarshmani/.m2/repository/org/projectlombok/lombok/1.18.36/lombok-1.18.36.jar:/Users/utkarshmani/.m2/repository/org/springframework/boot/spring-boot-devtools/3.2.11/spring-boot-devtools-3.2.11.jar:/Users/utkarshmani/.m2/repository/org/springframework/boot/spring-boot/3.2.11/spring-boot-3.2.11.jar:/Users/utkarshmani/.m2/repository/org/springframework/boot/spring-boot-autoconfigure/3.2.11/spring-boot-autoconfigure-3.2.11.jar:/Users/utkarshmani/.m2/repository/org/springframework/boot/spring-boot-starter-security/3.2.11/spring-boot-starter-security-3.2.11.jar:/Users/utkarshmani/.m2/repository/org/springframework/spring-aop/6.1.14/spring-aop-6.1.14.jar:/Users/utkarshmani/.m2/repository/org/springframework/security/spring-security-config/6.2.7/spring-security-config-6.2.7.jar:/Users/utkarshmani/.m2/repository/org/springframework/security/spring-security-core/6.2.7/spring-security-core-6.2.7.jar:/Users/utkarshmani/.m2/repository/org/springframework/security/spring-security-crypto/6.2.7/spring-security-crypto-6.2.7.jar:/Users/utkarshmani/.m2/repository/org/springframework/security/spring-security-web/6.2.7/spring-security-web-6.2.7.jar:"/>
    <property name="java.vm.vendor" value="Homebrew"/>
    <property name="sun.arch.data.model" value="64"/>
    <property name="java.vendor.url" value="https://github.com/Homebrew/homebrew-core/issues"/>
    <property name="user.timezone" value="Asia/Kolkata"/>
    <property name="os.name" value="Mac OS X"/>
    <property name="java.vm.specification.version" value="23"/>
    <property name="sun.java.launcher" value="SUN_STANDARD"/>
    <property name="user.country" value="IN"/>
    <property name="sun.boot.library.path" value="/opt/homebrew/Cellar/openjdk/23.0.1/libexec/openjdk.jdk/Contents/Home/lib"/>
    <property name="sun.java.command" value="/Users/utkarshmani/Desktop/GitHub/SpringBoot-Application/target/surefire/surefirebooter-20241123160201064_3.jar /Users/utkarshmani/Desktop/GitHub/SpringBoot-Application/target/surefire 2024-11-23T16-02-01_026-jvmRun1 surefire-20241123160201064_1tmp surefire_0-20241123160201064_2tmp"/>
    <property name="http.nonProxyHosts" value="local|*.local|169.254/16|*.169.254/16"/>
    <property name="jdk.debug" value="release"/>
    <property name="surefire.test.class.path" value="/Users/utkarshmani/Desktop/GitHub/SpringBoot-Application/target/test-classes:/Users/utkarshmani/Desktop/GitHub/SpringBoot-Application/target/classes:/Users/utkarshmani/.m2/repository/org/springframework/boot/spring-boot-starter-web/3.2.11/spring-boot-starter-web-3.2.11.jar:/Users/utkarshmani/.m2/repository/org/springframework/boot/spring-boot-starter/3.2.11/spring-boot-starter-3.2.11.jar:/Users/utkarshmani/.m2/repository/org/springframework/boot/spring-boot-starter-logging/3.2.11/spring-boot-starter-logging-3.2.11.jar:/Users/utkarshmani/.m2/repository/ch/qos/logback/logback-classic/1.4.14/logback-classic-1.4.14.jar:/Users/utkarshmani/.m2/repository/ch/qos/logback/logback-core/1.4.14/logback-core-1.4.14.jar:/Users/utkarshmani/.m2/repository/org/apache/logging/log4j/log4j-to-slf4j/2.21.1/log4j-to-slf4j-2.21.1.jar:/Users/utkarshmani/.m2/repository/org/apache/logging/log4j/log4j-api/2.21.1/log4j-api-2.21.1.jar:/Users/utkarshmani/.m2/repository/org/slf4j/jul-to-slf4j/2.0.16/jul-to-slf4j-2.0.16.jar:/Users/utkarshmani/.m2/repository/jakarta/annotation/jakarta.annotation-api/2.1.1/jakarta.annotation-api-2.1.1.jar:/Users/utkarshmani/.m2/repository/org/yaml/snakeyaml/2.2/snakeyaml-2.2.jar:/Users/utkarshmani/.m2/repository/org/springframework/boot/spring-boot-starter-json/3.2.11/spring-boot-starter-json-3.2.11.jar:/Users/utkarshmani/.m2/repository/com/fasterxml/jackson/core/jackson-databind/2.15.4/jackson-databind-2.15.4.jar:/Users/utkarshmani/.m2/repository/com/fasterxml/jackson/core/jackson-annotations/2.15.4/jackson-annotations-2.15.4.jar:/Users/utkarshmani/.m2/repository/com/fasterxml/jackson/core/jackson-core/2.15.4/jackson-core-2.15.4.jar:/Users/utkarshmani/.m2/repository/com/fasterxml/jackson/datatype/jackson-datatype-jdk8/2.15.4/jackson-datatype-jdk8-2.15.4.jar:/Users/utkarshmani/.m2/repository/com/fasterxml/jackson/datatype/jackson-datatype-jsr310/2.15.4/jackson-datatype-jsr310-2.15.4.jar:/Users/utkarshmani/.m2/repository/com/fasterxml/jackson/module/jackson-module-parameter-names/2.15.4/jackson-module-parameter-names-2.15.4.jar:/Users/utkarshmani/.m2/repository/org/springframework/boot/spring-boot-starter-tomcat/3.2.11/spring-boot-starter-tomcat-3.2.11.jar:/Users/utkarshmani/.m2/repository/org/apache/tomcat/embed/tomcat-embed-core/10.1.31/tomcat-embed-core-10.1.31.jar:/Users/utkarshmani/.m2/repository/org/apache/tomcat/embed/tomcat-embed-el/10.1.31/tomcat-embed-el-10.1.31.jar:/Users/utkarshmani/.m2/repository/org/apache/tomcat/embed/tomcat-embed-websocket/10.1.31/tomcat-embed-websocket-10.1.31.jar:/Users/utkarshmani/.m2/repository/org/springframework/spring-web/6.1.14/spring-web-6.1.14.jar:/Users/utkarshmani/.m2/repository/org/springframework/spring-beans/6.1.14/spring-beans-6.1.14.jar:/Users/utkarshmani/.m2/repository/io/micrometer/micrometer-observation/1.12.11/micrometer-observation-1.12.11.jar:/Users/utkarshmani/.m2/repository/io/micrometer/micrometer-commons/1.12.11/micrometer-commons-1.12.11.jar:/Users/utkarshmani/.m2/repository/org/springframework/spring-webmvc/6.1.14/spring-webmvc-6.1.14.jar:/Users/utkarshmani/.m2/repository/org/springframework/spring-context/6.1.14/spring-context-6.1.14.jar:/Users/utkarshmani/.m2/repository/org/springframework/spring-expression/6.1.14/spring-expression-6.1.14.jar:/Users/utkarshmani/.m2/repository/org/springframework/boot/spring-boot-starter-data-mongodb/3.2.11/spring-boot-starter-data-mongodb-3.2.11.jar:/Users/utkarshmani/.m2/repository/org/mongodb/mongodb-driver-sync/4.11.4/mongodb-driver-sync-4.11.4.jar:/Users/utkarshmani/.m2/repository/org/mongodb/bson/4.11.4/bson-4.11.4.jar:/Users/utkarshmani/.m2/repository/org/mongodb/mongodb-driver-core/4.11.4/mongodb-driver-core-4.11.4.jar:/Users/utkarshmani/.m2/repository/org/mongodb/bson-record-codec/4.11.4/bson-record-codec-4.11.4.jar:/Users/utkarshmani/.m2/repository/org/springframework/data/spring-data-mongodb/4.2.11/spring-data-mongodb-4.2.11.jar:/Users/utkarshmani/.m2/repository/org/springframework/spring-tx/6.1.14/spring-tx-6.1.14.jar:/Users/utkarshmani/.m2/repository/org/springframework/data/spring-data-commons/3.2.11/spring-data-commons-3.2.11.jar:/Users/utkarshmani/.m2/repository/org/slf4j/slf4j-api/2.0.16/slf4j-api-2.0.16.jar:/Users/utkarshmani/.m2/repository/org/springframework/boot/spring-boot-starter-test/3.2.11/spring-boot-starter-test-3.2.11.jar:/Users/utkarshmani/.m2/repository/org/springframework/boot/spring-boot-test/3.2.11/spring-boot-test-3.2.11.jar:/Users/utkarshmani/.m2/repository/org/springframework/boot/spring-boot-test-autoconfigure/3.2.11/spring-boot-test-autoconfigure-3.2.11.jar:/Users/utkarshmani/.m2/repository/com/jayway/jsonpath/json-path/2.9.0/json-path-2.9.0.jar:/Users/utkarshmani/.m2/repository/jakarta/xml/bind/jakarta.xml.bind-api/4.0.2/jakarta.xml.bind-api-4.0.2.jar:/Users/utkarshmani/.m2/repository/jakarta/activation/jakarta.activation-api/2.1.3/jakarta.activation-api-2.1.3.jar:/Users/utkarshmani/.m2/repository/net/minidev/json-smart/2.5.1/json-smart-2.5.1.jar:/Users/utkarshmani/.m2/repository/net/minidev/accessors-smart/2.5.1/accessors-smart-2.5.1.jar:/Users/utkarshmani/.m2/repository/org/ow2/asm/asm/9.6/asm-9.6.jar:/Users/utkarshmani/.m2/repository/org/assertj/assertj-core/3.24.2/assertj-core-3.24.2.jar:/Users/utkarshmani/.m2/repository/net/bytebuddy/byte-buddy/1.14.19/byte-buddy-1.14.19.jar:/Users/utkarshmani/.m2/repository/org/awaitility/awaitility/4.2.2/awaitility-4.2.2.jar:/Users/utkarshmani/.m2/repository/org/hamcrest/hamcrest/2.2/hamcrest-2.2.jar:/Users/utkarshmani/.m2/repository/org/junit/jupiter/junit-jupiter/5.10.5/junit-jupiter-5.10.5.jar:/Users/utkarshmani/.m2/repository/org/junit/jupiter/junit-jupiter-api/5.10.5/junit-jupiter-api-5.10.5.jar:/Users/utkarshmani/.m2/repository/org/opentest4j/opentest4j/1.3.0/opentest4j-1.3.0.jar:/Users/utkarshmani/.m2/repository/org/junit/platform/junit-platform-commons/1.10.5/junit-platform-commons-1.10.5.jar:/Users/utkarshmani/.m2/repository/org/apiguardian/apiguardian-api/1.1.2/apiguardian-api-1.1.2.jar:/Users/utkarshmani/.m2/repository/org/junit/jupiter/junit-jupiter-params/5.10.5/junit-jupiter-params-5.10.5.jar:/Users/utkarshmani/.m2/repository/org/junit/jupiter/junit-jupiter-engine/5.10.5/junit-jupiter-engine-5.10.5.jar:/Users/utkarshmani/.m2/repository/org/junit/platform/junit-platform-engine/1.10.5/junit-platform-engine-1.10.5.jar:/Users/utkarshmani/.m2/repository/org/mockito/mockito-core/5.7.0/mockito-core-5.7.0.jar:/Users/utkarshmani/.m2/repository/net/bytebuddy/byte-buddy-agent/1.14.19/byte-buddy-agent-1.14.19.jar:/Users/utkarshmani/.m2/repository/org/objenesis/objenesis/3.3/objenesis-3.3.jar:/Users/utkarshmani/.m2/repository/org/mockito/mockito-junit-jupiter/5.7.0/mockito-junit-jupiter-5.7.0.jar:/Users/utkarshmani/.m2/repository/org/skyscreamer/jsonassert/1.5.3/jsonassert-1.5.3.jar:/Users/utkarshmani/.m2/repository/com/vaadin/external/google/android-json/0.0.20131108.vaadin1/android-json-0.0.20131108.vaadin1.jar:/Users/utkarshmani/.m2/repository/org/springframework/spring-core/6.1.14/spring-core-6.1.14.jar:/Users/utkarshmani/.m2/repository/org/springframework/spring-jcl/6.1.14/spring-jcl-6.1.14.jar:/Users/utkarshmani/.m2/repository/org/springframework/spring-test/6.1.14/spring-test-6.1.14.jar:/Users/utkarshmani/.m2/repository/org/xmlunit/xmlunit-core/2.9.1/xmlunit-core-2.9.1.jar:/Users/utkarshmani/.m2/repository/org/projectlombok/lombok/1.18.36/lombok-1.18.36.jar:/Users/utkarshmani/.m2/repository/org/springframework/boot/spring-boot-devtools/3.2.11/spring-boot-devtools-3.2.11.jar:/Users/utkarshmani/.m2/repository/org/springframework/boot/spring-boot/3.2.11/spring-boot-3.2.11.jar:/Users/utkarshmani/.m2/repository/org/springframework/boot/spring-boot-autoconfigure/3.2.11/spring-boot-autoconfigure-3.2.11.jar:/Users/utkarshmani/.m2/repository/org/springframework/boot/spring-boot-starter-security/3.2.11/spring-boot-starter-security-3.2.11.jar:/Users/utkarshmani/.m2/repository/org/springframework/spring-aop/6.1.14/spring-aop-6.1.14.jar:/Users/utkarshmani/.m2/repository/org/springframework/security/spring-security-config/6.2.7/spring-security-config-6.2.7.jar:/Users/utkarshmani/.m2/repository/org/springframework/security/spring-security-core/6.2.7/spring-security-core-6.2.7.jar:/Users/utkarshmani/.m2/repository/org/springframework/security/spring-security-crypto/6.2.7/spring-security-crypto-6.2.7.jar:/Users/utkarshmani/.m2/repository/org/springframework/security/spring-security-web/6.2.7/spring-security-web-6.2.7.jar:"/>
    <property name="sun.cpu.endian" value="little"/>
    <property name="user.home" value="/Users/utkarshmani"/>
    <property name="user.language" value="en"/>
    <property name="java.specification.vendor" value="Oracle Corporation"/>
    <property name="java.version.date" value="2024-10-15"/>
    <property name="java.home" value="/opt/homebrew/Cellar/openjdk/23.0.1/libexec/openjdk.jdk/Contents/Home"/>
    <property name="file.separator" value="/"/>
    <property name="basedir" value="/Users/utkarshmani/Desktop/GitHub/SpringBoot-Application"/>
    <property name="java.vm.compressedOopsMode" value="Zero based"/>
    <property name="line.separator" value="&#10;"/>
    <property name="java.vm.specification.vendor" value="Oracle Corporation"/>
    <property name="java.specification.name" value="Java Platform API Specification"/>
    <property name="FILE_LOG_CHARSET" value="UTF-8"/>
    <property name="java.awt.headless" value="true"/>
    <property name="apple.awt.application.name" value="ForkedBooter"/>
    <property name="surefire.real.class.path" value="/Users/utkarshmani/Desktop/GitHub/SpringBoot-Application/target/surefire/surefirebooter-20241123160201064_3.jar"/>
    <property name="sun.management.compiler" value="HotSpot 64-Bit Tiered Compilers"/>
    <property name="ftp.nonProxyHosts" value="local|*.local|169.254/16|*.169.254/16"/>
    <property name="java.runtime.version" value="23.0.1"/>
    <property name="user.name" value="utkarshmani"/>
    <property name="stdout.encoding" value="UTF-8"/>
    <property name="path.separator" value=":"/>
    <property name="os.version" value="15.1"/>
    <property name="java.runtime.name" value="OpenJDK Runtime Environment"/>
    <property name="file.encoding" value="UTF-8"/>
    <property name="java.vm.name" value="OpenJDK 64-Bit Server VM"/>
    <property name="java.vendor.version" value="Homebrew"/>
    <property name="localRepository" value="/Users/utkarshmani/.m2/repository"/>
    <property name="java.vendor.url.bug" value="https://github.com/Homebrew/homebrew-core/issues"/>
    <property name="java.io.tmpdir" value="/var/folders/54/pqs2kyg974q5zt7x7vyyz1cr0000gn/T/"/>
    <property name="java.version" value="23.0.1"/>
    <property name="user.dir" value="/Users/utkarshmani/Desktop/GitHub/SpringBoot-Application"/>
    <property name="os.arch" value="aarch64"/>
    <property name="java.vm.specification.name" value="Java Virtual Machine Specification"/>
    <property name="PID" value="8012"/>
    <property name="CONSOLE_LOG_CHARSET" value="UTF-8"/>
    <property name="native.encoding" value="UTF-8"/>
    <property name="java.library.path" value="/Users/utkarshmani/Library/Java/Extensions:/Library/Java/Extensions:/Network/Library/Java/Extensions:/System/Library/Java/Extensions:/usr/lib/java:."/>
    <property name="java.vm.info" value="mixed mode, sharing"/>
    <property name="stderr.encoding" value="UTF-8"/>
    <property name="java.vendor" value="Homebrew"/>
    <property name="java.vm.version" value="23.0.1"/>
    <property name="sun.io.unicode.encoding" value="UnicodeBig"/>
    <property name="socksNonProxyHosts" value="local|*.local|169.254/16|*.169.254/16"/>
    <property name="java.class.version" value="67.0"/>
    <property name="LOGGED_APPLICATION_NAME" value="[RestAPI] "/>
  </properties>
  <testcase name="contextLoads" classname="com.example.crud.RestAPITests" time="0.459">
    <system-out><![CDATA[16:02:01.471 [main] INFO org.springframework.test.context.support.AnnotationConfigContextLoaderUtils -- Could not detect default configuration classes for test class [com.example.crud.RestAPITests]: RestAPITests does not declare any static, non-private, non-final, nested classes annotated with @Configuration.
16:02:01.521 [main] INFO org.springframework.boot.test.context.SpringBootTestContextBootstrapper -- Found @SpringBootConfiguration com.example.crud.RestAPI for test class com.example.crud.RestAPITests
16:02:01.590 [main] INFO org.springframework.boot.devtools.restart.RestartApplicationListener -- Restart disabled due to context in which it is running

  .   ____          _            __ _ _
 /\\ / ___'_ __ _ _(_)_ __  __ _ \ \ \ \
( ( )\___ | '_ | '_| | '_ \/ _` | \ \ \ \
 \\/  ___)| |_)| | | | | || (_| |  ) ) ) )
  '  |____| .__|_| |_|_| |_\__, | / / / /
 =========|_|==============|___/=/_/_/_/
 :: Spring Boot ::               (v3.2.11)

2024-11-23T16:02:01.725+05:30  INFO 8012 --- [RestAPI] [           main] com.example.crud.RestAPITests            : Starting RestAPITests using Java 23.0.1 with PID 8012 (started by utkarshmani in /Users/utkarshmani/Desktop/GitHub/SpringBoot-Application)
2024-11-23T16:02:01.725+05:30  INFO 8012 --- [RestAPI] [           main] com.example.crud.RestAPITests            : No active profile set, falling back to 1 default profile: "default"
2024-11-23T16:02:02.004+05:30  INFO 8012 --- [RestAPI] [           main] .s.d.r.c.RepositoryConfigurationDelegate : Bootstrapping Spring Data MongoDB repositories in DEFAULT mode.
2024-11-23T16:02:02.026+05:30  INFO 8012 --- [RestAPI] [           main] .s.d.r.c.RepositoryConfigurationDelegate : Finished Spring Data repository scanning in 19 ms. Found 2 MongoDB repository interfaces.
2024-11-23T16:02:02.304+05:30  INFO 8012 --- [RestAPI] [           main] org.mongodb.driver.client                : MongoClient with metadata {"application": {"name": "Cluster0"}, "driver": {"name": "mongo-java-driver|sync|spring-boot", "version": "4.11.4"}, "os": {"type": "Darwin", "name": "Mac OS X", "architecture": "aarch64", "version": "15.1"}, "platform": "Java/Homebrew/23.0.1"} created with settings MongoClientSettings{readPreference=primary, writeConcern=WriteConcern{w=majority, wTimeout=null ms, journal=null}, retryWrites=true, retryReads=true, readConcern=ReadConcern{level=null}, credential=MongoCredential{mechanism=null, userName='utakarsht', source='admin', password=<hidden>, mechanismProperties=<hidden>}, transportSettings=null, streamFactoryFactory=null, commandListeners=[], codecRegistry=ProvidersCodecRegistry{codecProviders=[ValueCodecProvider{}, BsonValueCodecProvider{}, DBRefCodecProvider{}, DBObjectCodecProvider{}, DocumentCodecProvider{}, CollectionCodecProvider{}, IterableCodecProvider{}, MapCodecProvider{}, GeoJsonCodecProvider{}, GridFSFileCodecProvider{}, Jsr310CodecProvider{}, JsonObjectCodecProvider{}, BsonCodecProvider{}, EnumCodecProvider{}, com.mongodb.client.model.mql.ExpressionCodecProvider@4c302f38, com.mongodb.Jep395RecordCodecProvider@75aea2ba, com.mongodb.KotlinCodecProvider@2a47597]}, loggerSettings=LoggerSettings{maxDocumentLength=1000}, clusterSettings={hosts=[127.0.0.1:27017], srvHost=cluster0.qjbr5.mongodb.net, srvServiceName=mongodb, mode=MULTIPLE, requiredClusterType=REPLICA_SET, requiredReplicaSetName='atlas-qnmeqf-shard-0', serverSelector='null', clusterListeners='[]', serverSelectionTimeout='30000 ms', localThreshold='15 ms'}, socketSettings=SocketSettings{connectTimeoutMS=10000, readTimeoutMS=0, receiveBufferSize=0, proxySettings=ProxySettings{host=null, port=null, username=null, password=null}}, heartbeatSocketSettings=SocketSettings{connectTimeoutMS=10000, readTimeoutMS=10000, receiveBufferSize=0, proxySettings=ProxySettings{host=null, port=null, username=null, password=null}}, connectionPoolSettings=ConnectionPoolSettings{maxSize=100, minSize=0, maxWaitTimeMS=120000, maxConnectionLifeTimeMS=0, maxConnectionIdleTimeMS=0, maintenanceInitialDelayMS=0, maintenanceFrequencyMS=60000, connectionPoolListeners=[], maxConnecting=2}, serverSettings=ServerSettings{heartbeatFrequencyMS=10000, minHeartbeatFrequencyMS=500, serverListeners='[]', serverMonitorListeners='[]'}, sslSettings=SslSettings{enabled=true, invalidHostNameAllowed=false, context=null}, applicationName='Cluster0', compressorList=[], uuidRepresentation=JAVA_LEGACY, serverApi=null, autoEncryptionSettings=null, dnsClient=null, inetAddressResolver=null, contextProvider=null}
2024-11-23T16:02:02.351+05:30  INFO 8012 --- [RestAPI] [br5.mongodb.net] org.mongodb.driver.cluster               : Adding discovered server cluster0-shard-00-02.qjbr5.mongodb.net:27017 to client view of cluster
2024-11-23T16:02:02.364+05:30  INFO 8012 --- [RestAPI] [br5.mongodb.net] org.mongodb.driver.cluster               : Adding discovered server cluster0-shard-00-01.qjbr5.mongodb.net:27017 to client view of cluster
2024-11-23T16:02:02.366+05:30  INFO 8012 --- [RestAPI] [br5.mongodb.net] org.mongodb.driver.cluster               : Adding discovered server cluster0-shard-00-00.qjbr5.mongodb.net:27017 to client view of cluster
2024-11-23T16:02:02.456+05:30  INFO 8012 --- [RestAPI] [           main] org.mongodb.driver.cluster               : No server chosen by WritableServerSelector from cluster description ClusterDescription{type=REPLICA_SET, connectionMode=MULTIPLE, serverDescriptions=[ServerDescription{address=cluster0-shard-00-02.qjbr5.mongodb.net:27017, type=UNKNOWN, state=CONNECTING}, ServerDescription{address=cluster0-shard-00-00.qjbr5.mongodb.net:27017, type=UNKNOWN, state=CONNECTING}, ServerDescription{address=cluster0-shard-00-01.qjbr5.mongodb.net:27017, type=UNKNOWN, state=CONNECTING}]}. Waiting for 30000 ms before timing out
2024-11-23T16:02:02.877+05:30  INFO 8012 --- [RestAPI] [ngodb.net:27017] org.mongodb.driver.cluster               : Monitor thread successfully connected to server with description ServerDescription{address=cluster0-shard-00-00.qjbr5.mongodb.net:27017, type=REPLICA_SET_SECONDARY, state=CONNECTED, ok=true, minWireVersion=0, maxWireVersion=25, maxDocumentSize=16777216, logicalSessionTimeoutMinutes=30, roundTripTimeNanos=346103458, setName='atlas-qnmeqf-shard-0', canonicalAddress=cluster0-shard-00-00.qjbr5.mongodb.net:27017, hosts=[cluster0-shard-00-01.qjbr5.mongodb.net:27017, cluster0-shard-00-02.qjbr5.mongodb.net:27017, cluster0-shard-00-00.qjbr5.mongodb.net:27017], passives=[], arbiters=[], primary='cluster0-shard-00-01.qjbr5.mongodb.net:27017', tagSet=TagSet{[Tag{name='availabilityZone', value='aps1-az1'}, Tag{name='diskState', value='READY'}, Tag{name='nodeType', value='ELECTABLE'}, Tag{name='provider', value='AWS'}, Tag{name='region', value='AP_SOUTH_1'}, Tag{name='workloadType', value='OPERATIONAL'}]}, electionId=null, setVersion=140, topologyVersion=TopologyVersion{processId=673f48c59ee98927e64fc14d, counter=4}, lastWriteDate=Sat Nov 23 16:02:02 IST 2024, lastUpdateTimeNanos=17315100905541}
2024-11-23T16:02:02.877+05:30  INFO 8012 --- [RestAPI] [ngodb.net:27017] org.mongodb.driver.cluster               : Monitor thread successfully connected to server with description ServerDescription{address=cluster0-shard-00-01.qjbr5.mongodb.net:27017, type=REPLICA_SET_PRIMARY, state=CONNECTED, ok=true, minWireVersion=0, maxWireVersion=25, maxDocumentSize=16777216, logicalSessionTimeoutMinutes=30, roundTripTimeNanos=346282084, setName='atlas-qnmeqf-shard-0', canonicalAddress=cluster0-shard-00-01.qjbr5.mongodb.net:27017, hosts=[cluster0-shard-00-01.qjbr5.mongodb.net:27017, cluster0-shard-00-02.qjbr5.mongodb.net:27017, cluster0-shard-00-00.qjbr5.mongodb.net:27017], passives=[], arbiters=[], primary='cluster0-shard-00-01.qjbr5.mongodb.net:27017', tagSet=TagSet{[Tag{name='availabilityZone', value='aps1-az3'}, Tag{name='diskState', value='READY'}, Tag{name='nodeType', value='ELECTABLE'}, Tag{name='provider', value='AWS'}, Tag{name='region', value='AP_SOUTH_1'}, Tag{name='workloadType', value='OPERATIONAL'}]}, electionId=7fffffff0000000000000089, setVersion=140, topologyVersion=TopologyVersion{processId=673f481a17ba37ebef226a64, counter=6}, lastWriteDate=Sat Nov 23 16:02:02 IST 2024, lastUpdateTimeNanos=17315100905541}
2024-11-23T16:02:02.877+05:30  INFO 8012 --- [RestAPI] [ngodb.net:27017] org.mongodb.driver.cluster               : Monitor thread successfully connected to server with description ServerDescription{address=cluster0-shard-00-02.qjbr5.mongodb.net:27017, type=REPLICA_SET_SECONDARY, state=CONNECTED, ok=true, minWireVersion=0, maxWireVersion=25, maxDocumentSize=16777216, logicalSessionTimeoutMinutes=30, roundTripTimeNanos=346111666, setName='atlas-qnmeqf-shard-0', canonicalAddress=cluster0-shard-00-02.qjbr5.mongodb.net:27017, hosts=[cluster0-shard-00-01.qjbr5.mongodb.net:27017, cluster0-shard-00-02.qjbr5.mongodb.net:27017, cluster0-shard-00-00.qjbr5.mongodb.net:27017], passives=[], arbiters=[], primary='cluster0-shard-00-01.qjbr5.mongodb.net:27017', tagSet=TagSet{[Tag{name='availabilityZone', value='aps1-az2'}, Tag{name='diskState', value='READY'}, Tag{name='nodeType', value='ELECTABLE'}, Tag{name='provider', value='AWS'}, Tag{name='region', value='AP_SOUTH_1'}, Tag{name='workloadType', value='OPERATIONAL'}]}, electionId=null, setVersion=140, topologyVersion=TopologyVersion{processId=673f4a1b833191b189bc22c2, counter=3}, lastWriteDate=Sat Nov 23 16:02:02 IST 2024, lastUpdateTimeNanos=17315100896541}
2024-11-23T16:02:02.879+05:30  INFO 8012 --- [RestAPI] [ngodb.net:27017] org.mongodb.driver.cluster               : Discovered replica set primary cluster0-shard-00-01.qjbr5.mongodb.net:27017 with max election id 7fffffff0000000000000089 and max set version 140
2024-11-23T16:02:03.461+05:30  INFO 8012 --- [RestAPI] [           main] o.s.s.web.DefaultSecurityFilterChain     : Will secure any request with [org.springframework.security.web.session.DisableEncodeUrlFilter@6cbdd1c5, org.springframework.security.web.context.request.async.WebAsyncManagerIntegrationFilter@60816371, org.springframework.security.web.context.SecurityContextHolderFilter@3e753289, org.springframework.security.web.header.HeaderWriterFilter@402d6012, org.springframework.security.web.authentication.logout.LogoutFilter@37ffe4f3, org.springframework.security.web.authentication.www.BasicAuthenticationFilter@47c96f2c, org.springframework.security.web.savedrequest.RequestCacheAwareFilter@38022758, org.springframework.security.web.servletapi.SecurityContextHolderAwareRequestFilter@59fea5f5, org.springframework.security.web.authentication.AnonymousAuthenticationFilter@678586f0, org.springframework.security.web.access.ExceptionTranslationFilter@17c53dfb, org.springframework.security.web.access.intercept.AuthorizationFilter@13908f9c]
2024-11-23T16:02:03.585+05:30  INFO 8012 --- [RestAPI] [           main] com.example.crud.RestAPITests            : Started RestAPITests in 2.0 seconds (process running for 2.454)
]]></system-out>
    <system-err><![CDATA[WARNING: A Java agent has been loaded dynamically (/Users/utkarshmani/.m2/repository/net/bytebuddy/byte-buddy-agent/1.14.19/byte-buddy-agent-1.14.19.jar)
WARNING: If a serviceability tool is in use, please run with -XX:+EnableDynamicAgentLoading to hide this warning
WARNING: If a serviceability tool is not in use, please run with -Djdk.instrument.traceUsage for more information
WARNING: Dynamic loading of agents will be disallowed by default in a future release
]]></system-err>
  </testcase>
</testsuite>